[backblue.gif]
[fade.gif]
[index.html]
[www.jtbnow.com/jtb-gives-1.2.delayed]
[www.jtbnow.com/welcomececb]
[www.jtbnow.com/_https_/player.vimeo.com/video/119418561.3f0ec.delayed]
[www.jtbnow.com/_https_/player.vimeo.com/video/119418561.4fbba.delayed]
[www.jtbnow.com/index.html]
[www.jtbnow.com/favicon.png]
[www.jtbnow.com/jtb-arts/index.html]
[www.jtbnow.com/jtb-photos/index.html]
[www.jtbnow.com/jtb-gives/index.html]
[www.jtbnow.com/jtb-photos.html]
[www.jtbnow.com/jtb-arts.html]
[www.jtbnow.com/subscribe-now.html]
[www.jtbnow.com/universal/svg/social-accounts.svg]
[www.jtbnow.com/art-photo-portfolio.html]
[www.jtbnow.com/jtb-gives-1.html]
[www.jtbnow.com/_https_/player.vimeo.com/video/119418561f0ec.html]
[www.jtbnow.com/_https_/player.vimeo.com/video/119418561fbba.html]
[www.jtbnow.com/pricing-jtbphotos.html]
[www.jtbnow.com/subscribe-now/index.html]
[www.jtbnow.com/art-photo-portfolio/index.html]
[www.jtbnow.com/pricing-jtbphotos/index.html]
